D:\spicode\audio_spi\spiwavsetlib\Debug\cl.command.1.tlog
D:\spicode\audio_spi\spiwavsetlib\Debug\CL.read.1.tlog
D:\spicode\audio_spi\spiwavsetlib\Debug\CL.write.1.tlog
D:\SPICODE\AUDIO_SPI\SPIWAVSETLIB\DEBUG\DLLMAIN.OBJ
D:\spicode\audio_spi\spiwavsetlib\Debug\link.18600.read.1.tlog
D:\spicode\audio_spi\spiwavsetlib\Debug\link.18600.write.1.tlog
D:\spicode\audio_spi\spiwavsetlib\Debug\link.18600-cvtres.read.1.tlog
D:\spicode\audio_spi\spiwavsetlib\Debug\link.18600-cvtres.write.1.tlog
D:\spicode\audio_spi\spiwavsetlib\Debug\link.6600.read.1.tlog
D:\spicode\audio_spi\spiwavsetlib\Debug\link.6600.write.1.tlog
D:\spicode\audio_spi\spiwavsetlib\Debug\link.6600-cvtres.read.1.tlog
D:\spicode\audio_spi\spiwavsetlib\Debug\link.6600-cvtres.write.1.tlog
D:\spicode\audio_spi\spiwavsetlib\Debug\link.command.1.tlog
D:\spicode\audio_spi\spiwavsetlib\Debug\link.read.1.tlog
D:\spicode\audio_spi\spiwavsetlib\Debug\link.write.1.tlog
D:\spicode\audio_spi\spiwavsetlib\Debug\link-cvtres.read.1.tlog
D:\spicode\audio_spi\spiwavsetlib\Debug\link-cvtres.write.1.tlog
D:\spicode\audio_spi\spiwavsetlib\Debug\mt.command.1.tlog
D:\spicode\audio_spi\spiwavsetlib\Debug\mt.read.1.tlog
D:\spicode\audio_spi\spiwavsetlib\Debug\mt.write.1.tlog
D:\spicode\audio_spi\spiwavsetlib\Debug\rc.command.1.tlog
D:\spicode\audio_spi\spiwavsetlib\Debug\rc.read.1.tlog
D:\spicode\audio_spi\spiwavsetlib\Debug\rc.write.1.tlog
D:\SPICODE\AUDIO_SPI\SPIWAVSETLIB\DEBUG\SPIWAVSETLIB.DLL
D:\SPICODE\AUDIO_SPI\SPIWAVSETLIB\DEBUG\SPIWAVSETLIB.DLL.EMBED.MANIFEST
D:\SPICODE\AUDIO_SPI\SPIWAVSETLIB\DEBUG\SPIWAVSETLIB.DLL.EMBED.MANIFEST.RES
D:\SPICODE\AUDIO_SPI\SPIWAVSETLIB\DEBUG\SPIWAVSETLIB.DLL.INTERMEDIATE.MANIFEST
D:\spicode\audio_spi\spiwavsetlib\Debug\spiwavsetlib.exp
D:\SPICODE\AUDIO_SPI\SPIWAVSETLIB\DEBUG\SPIWAVSETLIB.ILK
D:\spicode\audio_spi\spiwavsetlib\Debug\spiwavsetlib.lib
D:\SPICODE\AUDIO_SPI\SPIWAVSETLIB\DEBUG\SPIWAVSETLIB.OBJ
D:\SPICODE\AUDIO_SPI\SPIWAVSETLIB\DEBUG\SPIWAVSETLIB.PCH
D:\SPICODE\AUDIO_SPI\SPIWAVSETLIB\DEBUG\SPIWAVSETLIB.PDB
D:\spicode\audio_spi\spiwavsetlib\Debug\spiwavsetlib.write.1.tlog
D:\spicode\audio_spi\spiwavsetlib\Debug\spiwavsetlib_manifest.rc
D:\SPICODE\AUDIO_SPI\SPIWAVSETLIB\DEBUG\SPIWS_INSTRUMENT.OBJ
D:\SPICODE\AUDIO_SPI\SPIWAVSETLIB\DEBUG\SPIWS_INSTRUMENTSET.OBJ
D:\SPICODE\AUDIO_SPI\SPIWAVSETLIB\DEBUG\SPIWS_MIDIEVENT.OBJ
D:\SPICODE\AUDIO_SPI\SPIWAVSETLIB\DEBUG\SPIWS_MIDIEVENTSET.OBJ
D:\SPICODE\AUDIO_SPI\SPIWAVSETLIB\DEBUG\SPIWS_MIDIUTILITY.OBJ
D:\SPICODE\AUDIO_SPI\SPIWAVSETLIB\DEBUG\SPIWS_PARTITION.OBJ
D:\SPICODE\AUDIO_SPI\SPIWAVSETLIB\DEBUG\SPIWS_PARTITIONSET.OBJ
D:\SPICODE\AUDIO_SPI\SPIWAVSETLIB\DEBUG\SPIWS_WAVSET.OBJ
D:\SPICODE\AUDIO_SPI\SPIWAVSETLIB\DEBUG\STDAFX.OBJ
D:\spicode\audio_spi\spiwavsetlib\Debug\vc100.idb
D:\SPICODE\AUDIO_SPI\SPIWAVSETLIB\DEBUG\VC100.PDB
