D:\spicode\audio_spi\spiwavsetlib\Release\cl.command.1.tlog
D:\spicode\audio_spi\spiwavsetlib\Release\CL.read.1.tlog
D:\spicode\audio_spi\spiwavsetlib\Release\CL.write.1.tlog
D:\SPICODE\AUDIO_SPI\SPIWAVSETLIB\RELEASE\DLLMAIN.OBJ
D:\spicode\audio_spi\spiwavsetlib\Release\link.command.1.tlog
D:\spicode\audio_spi\spiwavsetlib\Release\link.read.1.tlog
D:\spicode\audio_spi\spiwavsetlib\Release\link.write.1.tlog
D:\spicode\audio_spi\spiwavsetlib\Release\mt.command.1.tlog
D:\spicode\audio_spi\spiwavsetlib\Release\mt.read.1.tlog
D:\spicode\audio_spi\spiwavsetlib\Release\mt.write.1.tlog
D:\SPICODE\AUDIO_SPI\SPIWAVSETLIB\RELEASE\SPIWAVSETLIB.DLL
D:\SPICODE\AUDIO_SPI\SPIWAVSETLIB\RELEASE\SPIWAVSETLIB.DLL.INTERMEDIATE.MANIFEST
D:\spicode\audio_spi\spiwavsetlib\Release\spiwavsetlib.exp
D:\spicode\audio_spi\spiwavsetlib\Release\spiwavsetlib.lib
D:\SPICODE\AUDIO_SPI\SPIWAVSETLIB\RELEASE\SPIWAVSETLIB.OBJ
D:\SPICODE\AUDIO_SPI\SPIWAVSETLIB\RELEASE\SPIWAVSETLIB.PCH
D:\SPICODE\AUDIO_SPI\SPIWAVSETLIB\RELEASE\SPIWAVSETLIB.PDB
D:\spicode\audio_spi\spiwavsetlib\Release\spiwavsetlib.vcxprojResolveAssemblyReference.cache
D:\spicode\audio_spi\spiwavsetlib\Release\spiwavsetlib.write.1.tlog
D:\SPICODE\AUDIO_SPI\SPIWAVSETLIB\RELEASE\SPIWS_INSTRUMENT.OBJ
D:\SPICODE\AUDIO_SPI\SPIWAVSETLIB\RELEASE\SPIWS_INSTRUMENTSET.OBJ
D:\SPICODE\AUDIO_SPI\SPIWAVSETLIB\RELEASE\SPIWS_MIDIEVENT.OBJ
D:\SPICODE\AUDIO_SPI\SPIWAVSETLIB\RELEASE\SPIWS_MIDIEVENTSET.OBJ
D:\SPICODE\AUDIO_SPI\SPIWAVSETLIB\RELEASE\SPIWS_MIDIUTILITY.OBJ
D:\SPICODE\AUDIO_SPI\SPIWAVSETLIB\RELEASE\SPIWS_PARTITION.OBJ
D:\SPICODE\AUDIO_SPI\SPIWAVSETLIB\RELEASE\SPIWS_PARTITIONSET.OBJ
D:\SPICODE\AUDIO_SPI\SPIWAVSETLIB\RELEASE\SPIWS_WAVSET.OBJ
D:\SPICODE\AUDIO_SPI\SPIWAVSETLIB\RELEASE\STDAFX.OBJ
D:\SPICODE\AUDIO_SPI\SPIWAVSETLIB\RELEASE\VC100.PDB
