Build started 2023-01-22 7:16:33 AM.
     1>Project "D:\spicode\audio_spi\spiwavsetlib\spiwavsetlib.vcxproj" on node 2 (rebuild target(s)).
     1>_PrepareForClean:
         Deleting file "Release\spiwavsetlib.lastbuildstate".
       InitializeBuildStatus:
         Creating "Release\spiwavsetlib.unsuccessfulbuild" because "AlwaysCreate" was specified.
       ClCompile:
         D:\Program Files (x86)\Microsoft Visual Studio 10.0\VC\bin\CL.exe /c /I"..\lib-src\portaudio\include" /I"..\lib-src\libsndfile\include" /Zi /nologo /W3 /WX- /O2 /Oi /Oy- /GL /D WIN32 /D NDEBUG /D _WINDOWS /D _USRDLL /D SPIWAVSETLIB_EXPORTS /D _CRT_SECURE_NO_WARNINGS /D _WINDLL /D _UNICODE /D UNICODE /Gm- /EHsc /MD /GS /Gy /fp:precise /Zc:wchar_t /Zc:forScope /Yc"StdAfx.h" /Fp"Release\spiwavsetlib.pch" /Fo"Release\\" /Fd"Release\vc100.pdb" /Gd /TP /analyze- /errorReport:prompt stdafx.cpp
         stdafx.cpp
         D:\Program Files (x86)\Microsoft Visual Studio 10.0\VC\bin\CL.exe /c /I"..\lib-src\portaudio\include" /I"..\lib-src\libsndfile\include" /Zi /nologo /W3 /WX- /O2 /Oi /Oy- /GL /D WIN32 /D NDEBUG /D _WINDOWS /D _USRDLL /D SPIWAVSETLIB_EXPORTS /D _CRT_SECURE_NO_WARNINGS /D _WINDLL /D _UNICODE /D UNICODE /Gm- /EHsc /MD /GS /Gy /fp:precise /Zc:wchar_t /Zc:forScope /Fo"Release\\" /Fd"Release\vc100.pdb" /Gd /TP /analyze- /errorReport:prompt dllmain.cpp
         dllmain.cpp
         D:\Program Files (x86)\Microsoft Visual Studio 10.0\VC\bin\CL.exe /c /I"..\lib-src\portaudio\include" /I"..\lib-src\libsndfile\include" /Zi /nologo /W3 /WX- /O2 /Oi /Oy- /GL /D WIN32 /D NDEBUG /D _WINDOWS /D _USRDLL /D SPIWAVSETLIB_EXPORTS /D _CRT_SECURE_NO_WARNINGS /D _WINDLL /D _UNICODE /D UNICODE /Gm- /EHsc /MD /GS /Gy /fp:precise /Zc:wchar_t /Zc:forScope /Yu"StdAfx.h" /Fp"Release\spiwavsetlib.pch" /Fo"Release\\" /Fd"Release\vc100.pdb" /Gd /TP /analyze- /errorReport:prompt spiwavsetlib.cpp spiws_instrument.cpp spiws_instrumentset.cpp spiws_midievent.cpp spiws_midieventset.cpp spiws_midiutility.cpp spiws_partition.cpp spiws_partitionset.cpp spiws_WavSet.cpp
         spiwavsetlib.cpp
     1>d:\spicode\audio_spi\spiwavsetlib\spiws_wavset.h(80): warning C4251: 'WavSet::wavsetname' : class 'std::basic_string<_Elem,_Traits,_Ax>' needs to have dll-interface to be used by clients of class 'WavSet'
                 with
                 [
                     _Elem=char,
                     _Traits=std::char_traits<char>,
                     _Ax=std::allocator<char>
                 ]
     1>d:\spicode\audio_spi\spiwavsetlib\spiws_instrument.h(62): warning C4251: 'Instrument::wavsetvector' : class 'std::vector<_Ty>' needs to have dll-interface to be used by clients of class 'Instrument'
                 with
                 [
                     _Ty=WavSet *
                 ]
     1>d:\spicode\audio_spi\spiwavsetlib\spiws_instrument.h(63): warning C4251: 'Instrument::instrumentname' : class 'std::basic_string<_Elem,_Traits,_Ax>' needs to have dll-interface to be used by clients of class 'Instrument'
                 with
                 [
                     _Elem=char,
                     _Traits=std::char_traits<char>,
                     _Ax=std::allocator<char>
                 ]
     1>d:\spicode\audio_spi\spiwavsetlib\spiws_instrumentset.h(38): warning C4251: 'InstrumentSet::instrumentvector' : class 'std::vector<_Ty>' needs to have dll-interface to be used by clients of class 'InstrumentSet'
                 with
                 [
                     _Ty=Instrument *
                 ]
     1>d:\spicode\audio_spi\spiwavsetlib\spiws_midieventset.h(40): warning C4251: 'MidiEventSet::midieventvector' : class 'std::vector<_Ty>' needs to have dll-interface to be used by clients of class 'MidiEventSet'
                 with
                 [
                     _Ty=MidiEvent *
                 ]
     1>d:\spicode\audio_spi\spiwavsetlib\spiws_partition.h(45): warning C4251: 'Partition::miditrackname' : class 'std::basic_string<_Elem,_Traits,_Ax>' needs to have dll-interface to be used by clients of class 'Partition'
                 with
                 [
                     _Elem=char,
                     _Traits=std::char_traits<char>,
                     _Ax=std::allocator<char>
                 ]
     1>d:\spicode\audio_spi\spiwavsetlib\spiws_partition.h(46): warning C4251: 'Partition::partitionname' : class 'std::basic_string<_Elem,_Traits,_Ax>' needs to have dll-interface to be used by clients of class 'Partition'
                 with
                 [
                     _Elem=char,
                     _Traits=std::char_traits<char>,
                     _Ax=std::allocator<char>
                 ]
     1>d:\spicode\audio_spi\spiwavsetlib\spiws_partition.h(47): warning C4251: 'Partition::midieventsetvector' : class 'std::vector<_Ty>' needs to have dll-interface to be used by clients of class 'Partition'
                 with
                 [
                     _Ty=MidiEventSet *
                 ]
     1>d:\spicode\audio_spi\spiwavsetlib\spiws_partitionset.h(48): warning C4251: 'PartitionSet::partitionvector' : class 'std::vector<_Ty>' needs to have dll-interface to be used by clients of class 'PartitionSet'
                 with
                 [
                     _Ty=Partition *
                 ]
     1>d:\spicode\audio_spi\spiwavsetlib\spiws_partitionset.h(49): warning C4251: 'PartitionSet::tempmidieventvector' : class 'std::vector<_Ty>' needs to have dll-interface to be used by clients of class 'PartitionSet'
                 with
                 [
                     _Ty=MidiEvent *
                 ]
         spiws_instrument.cpp
     1>d:\spicode\audio_spi\spiwavsetlib\spiws_wavset.h(80): warning C4251: 'WavSet::wavsetname' : class 'std::basic_string<_Elem,_Traits,_Ax>' needs to have dll-interface to be used by clients of class 'WavSet'
                 with
                 [
                     _Elem=char,
                     _Traits=std::char_traits<char>,
                     _Ax=std::allocator<char>
                 ]
     1>d:\spicode\audio_spi\spiwavsetlib\spiws_instrument.h(62): warning C4251: 'Instrument::wavsetvector' : class 'std::vector<_Ty>' needs to have dll-interface to be used by clients of class 'Instrument'
                 with
                 [
                     _Ty=WavSet *
                 ]
     1>d:\spicode\audio_spi\spiwavsetlib\spiws_instrument.h(63): warning C4251: 'Instrument::instrumentname' : class 'std::basic_string<_Elem,_Traits,_Ax>' needs to have dll-interface to be used by clients of class 'Instrument'
                 with
                 [
                     _Elem=char,
                     _Traits=std::char_traits<char>,
                     _Ax=std::allocator<char>
                 ]
     1>d:\spicode\audio_spi\spiwavsetlib\spiws_instrumentset.h(38): warning C4251: 'InstrumentSet::instrumentvector' : class 'std::vector<_Ty>' needs to have dll-interface to be used by clients of class 'InstrumentSet'
                 with
                 [
                     _Ty=Instrument *
                 ]
     1>d:\spicode\audio_spi\spiwavsetlib\spiws_midieventset.h(40): warning C4251: 'MidiEventSet::midieventvector' : class 'std::vector<_Ty>' needs to have dll-interface to be used by clients of class 'MidiEventSet'
                 with
                 [
                     _Ty=MidiEvent *
                 ]
     1>d:\spicode\audio_spi\spiwavsetlib\spiws_partition.h(45): warning C4251: 'Partition::miditrackname' : class 'std::basic_string<_Elem,_Traits,_Ax>' needs to have dll-interface to be used by clients of class 'Partition'
                 with
                 [
                     _Elem=char,
                     _Traits=std::char_traits<char>,
                     _Ax=std::allocator<char>
                 ]
     1>d:\spicode\audio_spi\spiwavsetlib\spiws_partition.h(46): warning C4251: 'Partition::partitionname' : class 'std::basic_string<_Elem,_Traits,_Ax>' needs to have dll-interface to be used by clients of class 'Partition'
                 with
                 [
                     _Elem=char,
                     _Traits=std::char_traits<char>,
                     _Ax=std::allocator<char>
                 ]
     1>d:\spicode\audio_spi\spiwavsetlib\spiws_partition.h(47): warning C4251: 'Partition::midieventsetvector' : class 'std::vector<_Ty>' needs to have dll-interface to be used by clients of class 'Partition'
                 with
                 [
                     _Ty=MidiEventSet *
                 ]
     1>d:\spicode\audio_spi\spiwavsetlib\spiws_partitionset.h(48): warning C4251: 'PartitionSet::partitionvector' : class 'std::vector<_Ty>' needs to have dll-interface to be used by clients of class 'PartitionSet'
                 with
                 [
                     _Ty=Partition *
                 ]
     1>d:\spicode\audio_spi\spiwavsetlib\spiws_partitionset.h(49): warning C4251: 'PartitionSet::tempmidieventvector' : class 'std::vector<_Ty>' needs to have dll-interface to be used by clients of class 'PartitionSet'
                 with
                 [
                     _Ty=MidiEvent *
                 ]
     1>spiws_instrument.cpp(505): warning C4996: 'swprintf': swprintf has been changed to conform with the ISO C standard, adding an extra character count parameter. To use traditional Microsoft swprintf, set _CRT_NON_CONFORMING_SWPRINTFS.
                 D:\Program Files (x86)\Microsoft Visual Studio 10.0\VC\include\swprintf.inl(85) : see declaration of 'swprintf'
     1>spiws_instrument.cpp(506): warning C4996: 'swprintf': swprintf has been changed to conform with the ISO C standard, adding an extra character count parameter. To use traditional Microsoft swprintf, set _CRT_NON_CONFORMING_SWPRINTFS.
                 D:\Program Files (x86)\Microsoft Visual Studio 10.0\VC\include\swprintf.inl(85) : see declaration of 'swprintf'
     1>spiws_instrument.cpp(526): warning C4996: 'swprintf': swprintf has been changed to conform with the ISO C standard, adding an extra character count parameter. To use traditional Microsoft swprintf, set _CRT_NON_CONFORMING_SWPRINTFS.
                 D:\Program Files (x86)\Microsoft Visual Studio 10.0\VC\include\swprintf.inl(85) : see declaration of 'swprintf'
     1>spiws_instrument.cpp(527): warning C4996: 'swprintf': swprintf has been changed to conform with the ISO C standard, adding an extra character count parameter. To use traditional Microsoft swprintf, set _CRT_NON_CONFORMING_SWPRINTFS.
                 D:\Program Files (x86)\Microsoft Visual Studio 10.0\VC\include\swprintf.inl(85) : see declaration of 'swprintf'
     1>spiws_instrument.cpp(547): warning C4996: 'swprintf': swprintf has been changed to conform with the ISO C standard, adding an extra character count parameter. To use traditional Microsoft swprintf, set _CRT_NON_CONFORMING_SWPRINTFS.
                 D:\Program Files (x86)\Microsoft Visual Studio 10.0\VC\include\swprintf.inl(85) : see declaration of 'swprintf'
     1>spiws_instrument.cpp(548): warning C4996: 'swprintf': swprintf has been changed to conform with the ISO C standard, adding an extra character count parameter. To use traditional Microsoft swprintf, set _CRT_NON_CONFORMING_SWPRINTFS.
                 D:\Program Files (x86)\Microsoft Visual Studio 10.0\VC\include\swprintf.inl(85) : see declaration of 'swprintf'
     1>spiws_instrument.cpp(568): warning C4996: 'swprintf': swprintf has been changed to conform with the ISO C standard, adding an extra character count parameter. To use traditional Microsoft swprintf, set _CRT_NON_CONFORMING_SWPRINTFS.
                 D:\Program Files (x86)\Microsoft Visual Studio 10.0\VC\include\swprintf.inl(85) : see declaration of 'swprintf'
     1>spiws_instrument.cpp(569): warning C4996: 'swprintf': swprintf has been changed to conform with the ISO C standard, adding an extra character count parameter. To use traditional Microsoft swprintf, set _CRT_NON_CONFORMING_SWPRINTFS.
                 D:\Program Files (x86)\Microsoft Visual Studio 10.0\VC\include\swprintf.inl(85) : see declaration of 'swprintf'
     1>spiws_instrument.cpp(679): warning C4018: '<=' : signed/unsigned mismatch
     1>spiws_instrument.cpp(1037): warning C4305: '=' : truncation from 'double' to 'float'
     1>spiws_instrument.cpp(1038): warning C4305: '=' : truncation from 'double' to 'float'
     1>spiws_instrument.cpp(1074): warning C4996: 'swprintf': swprintf has been changed to conform with the ISO C standard, adding an extra character count parameter. To use traditional Microsoft swprintf, set _CRT_NON_CONFORMING_SWPRINTFS.
                 D:\Program Files (x86)\Microsoft Visual Studio 10.0\VC\include\swprintf.inl(85) : see declaration of 'swprintf'
     1>spiws_instrument.cpp(1079): warning C4996: 'swprintf': swprintf has been changed to conform with the ISO C standard, adding an extra character count parameter. To use traditional Microsoft swprintf, set _CRT_NON_CONFORMING_SWPRINTFS.
                 D:\Program Files (x86)\Microsoft Visual Studio 10.0\VC\include\swprintf.inl(85) : see declaration of 'swprintf'
     1>spiws_instrument.cpp(1082): warning C4996: 'swprintf': swprintf has been changed to conform with the ISO C standard, adding an extra character count parameter. To use traditional Microsoft swprintf, set _CRT_NON_CONFORMING_SWPRINTFS.
                 D:\Program Files (x86)\Microsoft Visual Studio 10.0\VC\include\swprintf.inl(85) : see declaration of 'swprintf'
         spiws_instrumentset.cpp
     1>d:\spicode\audio_spi\spiwavsetlib\spiws_wavset.h(80): warning C4251: 'WavSet::wavsetname' : class 'std::basic_string<_Elem,_Traits,_Ax>' needs to have dll-interface to be used by clients of class 'WavSet'
                 with
                 [
                     _Elem=char,
                     _Traits=std::char_traits<char>,
                     _Ax=std::allocator<char>
                 ]
     1>d:\spicode\audio_spi\spiwavsetlib\spiws_instrument.h(62): warning C4251: 'Instrument::wavsetvector' : class 'std::vector<_Ty>' needs to have dll-interface to be used by clients of class 'Instrument'
                 with
                 [
                     _Ty=WavSet *
                 ]
     1>d:\spicode\audio_spi\spiwavsetlib\spiws_instrument.h(63): warning C4251: 'Instrument::instrumentname' : class 'std::basic_string<_Elem,_Traits,_Ax>' needs to have dll-interface to be used by clients of class 'Instrument'
                 with
                 [
                     _Elem=char,
                     _Traits=std::char_traits<char>,
                     _Ax=std::allocator<char>
                 ]
     1>d:\spicode\audio_spi\spiwavsetlib\spiws_instrumentset.h(38): warning C4251: 'InstrumentSet::instrumentvector' : class 'std::vector<_Ty>' needs to have dll-interface to be used by clients of class 'InstrumentSet'
                 with
                 [
                     _Ty=Instrument *
                 ]
     1>d:\spicode\audio_spi\spiwavsetlib\spiws_midieventset.h(40): warning C4251: 'MidiEventSet::midieventvector' : class 'std::vector<_Ty>' needs to have dll-interface to be used by clients of class 'MidiEventSet'
                 with
                 [
                     _Ty=MidiEvent *
                 ]
     1>d:\spicode\audio_spi\spiwavsetlib\spiws_partition.h(45): warning C4251: 'Partition::miditrackname' : class 'std::basic_string<_Elem,_Traits,_Ax>' needs to have dll-interface to be used by clients of class 'Partition'
                 with
                 [
                     _Elem=char,
                     _Traits=std::char_traits<char>,
                     _Ax=std::allocator<char>
                 ]
     1>d:\spicode\audio_spi\spiwavsetlib\spiws_partition.h(46): warning C4251: 'Partition::partitionname' : class 'std::basic_string<_Elem,_Traits,_Ax>' needs to have dll-interface to be used by clients of class 'Partition'
                 with
                 [
                     _Elem=char,
                     _Traits=std::char_traits<char>,
                     _Ax=std::allocator<char>
                 ]
     1>d:\spicode\audio_spi\spiwavsetlib\spiws_partition.h(47): warning C4251: 'Partition::midieventsetvector' : class 'std::vector<_Ty>' needs to have dll-interface to be used by clients of class 'Partition'
                 with
                 [
                     _Ty=MidiEventSet *
                 ]
     1>d:\spicode\audio_spi\spiwavsetlib\spiws_partitionset.h(48): warning C4251: 'PartitionSet::partitionvector' : class 'std::vector<_Ty>' needs to have dll-interface to be used by clients of class 'PartitionSet'
                 with
                 [
                     _Ty=Partition *
                 ]
     1>d:\spicode\audio_spi\spiwavsetlib\spiws_partitionset.h(49): warning C4251: 'PartitionSet::tempmidieventvector' : class 'std::vector<_Ty>' needs to have dll-interface to be used by clients of class 'PartitionSet'
                 with
                 [
                     _Ty=MidiEvent *
                 ]
     1>spiws_instrumentset.cpp(318): warning C4996: 'swprintf': swprintf has been changed to conform with the ISO C standard, adding an extra character count parameter. To use traditional Microsoft swprintf, set _CRT_NON_CONFORMING_SWPRINTFS.
                 D:\Program Files (x86)\Microsoft Visual Studio 10.0\VC\include\swprintf.inl(85) : see declaration of 'swprintf'
     1>spiws_instrumentset.cpp(327): warning C4996: 'swprintf': swprintf has been changed to conform with the ISO C standard, adding an extra character count parameter. To use traditional Microsoft swprintf, set _CRT_NON_CONFORMING_SWPRINTFS.
                 D:\Program Files (x86)\Microsoft Visual Studio 10.0\VC\include\swprintf.inl(85) : see declaration of 'swprintf'
     1>spiws_instrumentset.cpp(396): warning C4244: 'initializing' : conversion from 'float' to 'int', possible loss of data
         spiws_midievent.cpp
     1>d:\spicode\audio_spi\spiwavsetlib\spiws_wavset.h(80): warning C4251: 'WavSet::wavsetname' : class 'std::basic_string<_Elem,_Traits,_Ax>' needs to have dll-interface to be used by clients of class 'WavSet'
                 with
                 [
                     _Elem=char,
                     _Traits=std::char_traits<char>,
                     _Ax=std::allocator<char>
                 ]
     1>d:\spicode\audio_spi\spiwavsetlib\spiws_instrument.h(62): warning C4251: 'Instrument::wavsetvector' : class 'std::vector<_Ty>' needs to have dll-interface to be used by clients of class 'Instrument'
                 with
                 [
                     _Ty=WavSet *
                 ]
     1>d:\spicode\audio_spi\spiwavsetlib\spiws_instrument.h(63): warning C4251: 'Instrument::instrumentname' : class 'std::basic_string<_Elem,_Traits,_Ax>' needs to have dll-interface to be used by clients of class 'Instrument'
                 with
                 [
                     _Elem=char,
                     _Traits=std::char_traits<char>,
                     _Ax=std::allocator<char>
                 ]
     1>d:\spicode\audio_spi\spiwavsetlib\spiws_instrumentset.h(38): warning C4251: 'InstrumentSet::instrumentvector' : class 'std::vector<_Ty>' needs to have dll-interface to be used by clients of class 'InstrumentSet'
                 with
                 [
                     _Ty=Instrument *
                 ]
     1>d:\spicode\audio_spi\spiwavsetlib\spiws_midieventset.h(40): warning C4251: 'MidiEventSet::midieventvector' : class 'std::vector<_Ty>' needs to have dll-interface to be used by clients of class 'MidiEventSet'
                 with
                 [
                     _Ty=MidiEvent *
                 ]
     1>d:\spicode\audio_spi\spiwavsetlib\spiws_partition.h(45): warning C4251: 'Partition::miditrackname' : class 'std::basic_string<_Elem,_Traits,_Ax>' needs to have dll-interface to be used by clients of class 'Partition'
                 with
                 [
                     _Elem=char,
                     _Traits=std::char_traits<char>,
                     _Ax=std::allocator<char>
                 ]
     1>d:\spicode\audio_spi\spiwavsetlib\spiws_partition.h(46): warning C4251: 'Partition::partitionname' : class 'std::basic_string<_Elem,_Traits,_Ax>' needs to have dll-interface to be used by clients of class 'Partition'
                 with
                 [
                     _Elem=char,
                     _Traits=std::char_traits<char>,
                     _Ax=std::allocator<char>
                 ]
     1>d:\spicode\audio_spi\spiwavsetlib\spiws_partition.h(47): warning C4251: 'Partition::midieventsetvector' : class 'std::vector<_Ty>' needs to have dll-interface to be used by clients of class 'Partition'
                 with
                 [
                     _Ty=MidiEventSet *
                 ]
     1>d:\spicode\audio_spi\spiwavsetlib\spiws_partitionset.h(48): warning C4251: 'PartitionSet::partitionvector' : class 'std::vector<_Ty>' needs to have dll-interface to be used by clients of class 'PartitionSet'
                 with
                 [
                     _Ty=Partition *
                 ]
     1>d:\spicode\audio_spi\spiwavsetlib\spiws_partitionset.h(49): warning C4251: 'PartitionSet::tempmidieventvector' : class 'std::vector<_Ty>' needs to have dll-interface to be used by clients of class 'PartitionSet'
                 with
                 [
                     _Ty=MidiEvent *
                 ]
     1>spiws_midievent.cpp(77): warning C4244: '=' : conversion from 'double' to 'float', possible loss of data
     1>spiws_midievent.cpp(118): warning C4244: '=' : conversion from 'double' to 'float', possible loss of data
         spiws_midieventset.cpp
     1>d:\spicode\audio_spi\spiwavsetlib\spiws_wavset.h(80): warning C4251: 'WavSet::wavsetname' : class 'std::basic_string<_Elem,_Traits,_Ax>' needs to have dll-interface to be used by clients of class 'WavSet'
                 with
                 [
                     _Elem=char,
                     _Traits=std::char_traits<char>,
                     _Ax=std::allocator<char>
                 ]
     1>d:\spicode\audio_spi\spiwavsetlib\spiws_instrument.h(62): warning C4251: 'Instrument::wavsetvector' : class 'std::vector<_Ty>' needs to have dll-interface to be used by clients of class 'Instrument'
                 with
                 [
                     _Ty=WavSet *
                 ]
     1>d:\spicode\audio_spi\spiwavsetlib\spiws_instrument.h(63): warning C4251: 'Instrument::instrumentname' : class 'std::basic_string<_Elem,_Traits,_Ax>' needs to have dll-interface to be used by clients of class 'Instrument'
                 with
                 [
                     _Elem=char,
                     _Traits=std::char_traits<char>,
                     _Ax=std::allocator<char>
                 ]
     1>d:\spicode\audio_spi\spiwavsetlib\spiws_instrumentset.h(38): warning C4251: 'InstrumentSet::instrumentvector' : class 'std::vector<_Ty>' needs to have dll-interface to be used by clients of class 'InstrumentSet'
                 with
                 [
                     _Ty=Instrument *
                 ]
     1>d:\spicode\audio_spi\spiwavsetlib\spiws_midieventset.h(40): warning C4251: 'MidiEventSet::midieventvector' : class 'std::vector<_Ty>' needs to have dll-interface to be used by clients of class 'MidiEventSet'
                 with
                 [
                     _Ty=MidiEvent *
                 ]
     1>d:\spicode\audio_spi\spiwavsetlib\spiws_partition.h(45): warning C4251: 'Partition::miditrackname' : class 'std::basic_string<_Elem,_Traits,_Ax>' needs to have dll-interface to be used by clients of class 'Partition'
                 with
                 [
                     _Elem=char,
                     _Traits=std::char_traits<char>,
                     _Ax=std::allocator<char>
                 ]
     1>d:\spicode\audio_spi\spiwavsetlib\spiws_partition.h(46): warning C4251: 'Partition::partitionname' : class 'std::basic_string<_Elem,_Traits,_Ax>' needs to have dll-interface to be used by clients of class 'Partition'
                 with
                 [
                     _Elem=char,
                     _Traits=std::char_traits<char>,
                     _Ax=std::allocator<char>
                 ]
     1>d:\spicode\audio_spi\spiwavsetlib\spiws_partition.h(47): warning C4251: 'Partition::midieventsetvector' : class 'std::vector<_Ty>' needs to have dll-interface to be used by clients of class 'Partition'
                 with
                 [
                     _Ty=MidiEventSet *
                 ]
     1>d:\spicode\audio_spi\spiwavsetlib\spiws_partitionset.h(48): warning C4251: 'PartitionSet::partitionvector' : class 'std::vector<_Ty>' needs to have dll-interface to be used by clients of class 'PartitionSet'
                 with
                 [
                     _Ty=Partition *
                 ]
     1>d:\spicode\audio_spi\spiwavsetlib\spiws_partitionset.h(49): warning C4251: 'PartitionSet::tempmidieventvector' : class 'std::vector<_Ty>' needs to have dll-interface to be used by clients of class 'PartitionSet'
                 with
                 [
                     _Ty=MidiEvent *
                 ]
         spiws_midiutility.cpp
     1>d:\spicode\audio_spi\spiwavsetlib\spiws_wavset.h(80): warning C4251: 'WavSet::wavsetname' : class 'std::basic_string<_Elem,_Traits,_Ax>' needs to have dll-interface to be used by clients of class 'WavSet'
                 with
                 [
                     _Elem=char,
                     _Traits=std::char_traits<char>,
                     _Ax=std::allocator<char>
                 ]
     1>d:\spicode\audio_spi\spiwavsetlib\spiws_instrument.h(62): warning C4251: 'Instrument::wavsetvector' : class 'std::vector<_Ty>' needs to have dll-interface to be used by clients of class 'Instrument'
                 with
                 [
                     _Ty=WavSet *
                 ]
     1>d:\spicode\audio_spi\spiwavsetlib\spiws_instrument.h(63): warning C4251: 'Instrument::instrumentname' : class 'std::basic_string<_Elem,_Traits,_Ax>' needs to have dll-interface to be used by clients of class 'Instrument'
                 with
                 [
                     _Elem=char,
                     _Traits=std::char_traits<char>,
                     _Ax=std::allocator<char>
                 ]
     1>d:\spicode\audio_spi\spiwavsetlib\spiws_instrumentset.h(38): warning C4251: 'InstrumentSet::instrumentvector' : class 'std::vector<_Ty>' needs to have dll-interface to be used by clients of class 'InstrumentSet'
                 with
                 [
                     _Ty=Instrument *
                 ]
     1>d:\spicode\audio_spi\spiwavsetlib\spiws_midieventset.h(40): warning C4251: 'MidiEventSet::midieventvector' : class 'std::vector<_Ty>' needs to have dll-interface to be used by clients of class 'MidiEventSet'
                 with
                 [
                     _Ty=MidiEvent *
                 ]
     1>d:\spicode\audio_spi\spiwavsetlib\spiws_partition.h(45): warning C4251: 'Partition::miditrackname' : class 'std::basic_string<_Elem,_Traits,_Ax>' needs to have dll-interface to be used by clients of class 'Partition'
                 with
                 [
                     _Elem=char,
                     _Traits=std::char_traits<char>,
                     _Ax=std::allocator<char>
                 ]
     1>d:\spicode\audio_spi\spiwavsetlib\spiws_partition.h(46): warning C4251: 'Partition::partitionname' : class 'std::basic_string<_Elem,_Traits,_Ax>' needs to have dll-interface to be used by clients of class 'Partition'
                 with
                 [
                     _Elem=char,
                     _Traits=std::char_traits<char>,
                     _Ax=std::allocator<char>
                 ]
     1>d:\spicode\audio_spi\spiwavsetlib\spiws_partition.h(47): warning C4251: 'Partition::midieventsetvector' : class 'std::vector<_Ty>' needs to have dll-interface to be used by clients of class 'Partition'
                 with
                 [
                     _Ty=MidiEventSet *
                 ]
     1>d:\spicode\audio_spi\spiwavsetlib\spiws_partitionset.h(48): warning C4251: 'PartitionSet::partitionvector' : class 'std::vector<_Ty>' needs to have dll-interface to be used by clients of class 'PartitionSet'
                 with
                 [
                     _Ty=Partition *
                 ]
     1>d:\spicode\audio_spi\spiwavsetlib\spiws_partitionset.h(49): warning C4251: 'PartitionSet::tempmidieventvector' : class 'std::vector<_Ty>' needs to have dll-interface to be used by clients of class 'PartitionSet'
                 with
                 [
                     _Ty=MidiEvent *
                 ]
     1>spiws_midiutility.cpp(602): warning C4244: 'initializing' : conversion from 'float' to 'int', possible loss of data
         spiws_partition.cpp
     1>d:\spicode\audio_spi\spiwavsetlib\spiws_wavset.h(80): warning C4251: 'WavSet::wavsetname' : class 'std::basic_string<_Elem,_Traits,_Ax>' needs to have dll-interface to be used by clients of class 'WavSet'
                 with
                 [
                     _Elem=char,
                     _Traits=std::char_traits<char>,
                     _Ax=std::allocator<char>
                 ]
     1>d:\spicode\audio_spi\spiwavsetlib\spiws_instrument.h(62): warning C4251: 'Instrument::wavsetvector' : class 'std::vector<_Ty>' needs to have dll-interface to be used by clients of class 'Instrument'
                 with
                 [
                     _Ty=WavSet *
                 ]
     1>d:\spicode\audio_spi\spiwavsetlib\spiws_instrument.h(63): warning C4251: 'Instrument::instrumentname' : class 'std::basic_string<_Elem,_Traits,_Ax>' needs to have dll-interface to be used by clients of class 'Instrument'
                 with
                 [
                     _Elem=char,
                     _Traits=std::char_traits<char>,
                     _Ax=std::allocator<char>
                 ]
     1>d:\spicode\audio_spi\spiwavsetlib\spiws_instrumentset.h(38): warning C4251: 'InstrumentSet::instrumentvector' : class 'std::vector<_Ty>' needs to have dll-interface to be used by clients of class 'InstrumentSet'
                 with
                 [
                     _Ty=Instrument *
                 ]
     1>d:\spicode\audio_spi\spiwavsetlib\spiws_midieventset.h(40): warning C4251: 'MidiEventSet::midieventvector' : class 'std::vector<_Ty>' needs to have dll-interface to be used by clients of class 'MidiEventSet'
                 with
                 [
                     _Ty=MidiEvent *
                 ]
     1>d:\spicode\audio_spi\spiwavsetlib\spiws_partition.h(45): warning C4251: 'Partition::miditrackname' : class 'std::basic_string<_Elem,_Traits,_Ax>' needs to have dll-interface to be used by clients of class 'Partition'
                 with
                 [
                     _Elem=char,
                     _Traits=std::char_traits<char>,
                     _Ax=std::allocator<char>
                 ]
     1>d:\spicode\audio_spi\spiwavsetlib\spiws_partition.h(46): warning C4251: 'Partition::partitionname' : class 'std::basic_string<_Elem,_Traits,_Ax>' needs to have dll-interface to be used by clients of class 'Partition'
                 with
                 [
                     _Elem=char,
                     _Traits=std::char_traits<char>,
                     _Ax=std::allocator<char>
                 ]
     1>d:\spicode\audio_spi\spiwavsetlib\spiws_partition.h(47): warning C4251: 'Partition::midieventsetvector' : class 'std::vector<_Ty>' needs to have dll-interface to be used by clients of class 'Partition'
                 with
                 [
                     _Ty=MidiEventSet *
                 ]
     1>d:\spicode\audio_spi\spiwavsetlib\spiws_partitionset.h(48): warning C4251: 'PartitionSet::partitionvector' : class 'std::vector<_Ty>' needs to have dll-interface to be used by clients of class 'PartitionSet'
                 with
                 [
                     _Ty=Partition *
                 ]
     1>d:\spicode\audio_spi\spiwavsetlib\spiws_partitionset.h(49): warning C4251: 'PartitionSet::tempmidieventvector' : class 'std::vector<_Ty>' needs to have dll-interface to be used by clients of class 'PartitionSet'
                 with
                 [
                     _Ty=MidiEvent *
                 ]
     1>spiws_partition.cpp(99): warning C4101: 'charBuffer2' : unreferenced local variable
         spiws_partitionset.cpp
     1>d:\spicode\audio_spi\spiwavsetlib\spiws_wavset.h(80): warning C4251: 'WavSet::wavsetname' : class 'std::basic_string<_Elem,_Traits,_Ax>' needs to have dll-interface to be used by clients of class 'WavSet'
                 with
                 [
                     _Elem=char,
                     _Traits=std::char_traits<char>,
                     _Ax=std::allocator<char>
                 ]
     1>d:\spicode\audio_spi\spiwavsetlib\spiws_instrument.h(62): warning C4251: 'Instrument::wavsetvector' : class 'std::vector<_Ty>' needs to have dll-interface to be used by clients of class 'Instrument'
                 with
                 [
                     _Ty=WavSet *
                 ]
     1>d:\spicode\audio_spi\spiwavsetlib\spiws_instrument.h(63): warning C4251: 'Instrument::instrumentname' : class 'std::basic_string<_Elem,_Traits,_Ax>' needs to have dll-interface to be used by clients of class 'Instrument'
                 with
                 [
                     _Elem=char,
                     _Traits=std::char_traits<char>,
                     _Ax=std::allocator<char>
                 ]
     1>d:\spicode\audio_spi\spiwavsetlib\spiws_instrumentset.h(38): warning C4251: 'InstrumentSet::instrumentvector' : class 'std::vector<_Ty>' needs to have dll-interface to be used by clients of class 'InstrumentSet'
                 with
                 [
                     _Ty=Instrument *
                 ]
     1>d:\spicode\audio_spi\spiwavsetlib\spiws_midieventset.h(40): warning C4251: 'MidiEventSet::midieventvector' : class 'std::vector<_Ty>' needs to have dll-interface to be used by clients of class 'MidiEventSet'
                 with
                 [
                     _Ty=MidiEvent *
                 ]
     1>d:\spicode\audio_spi\spiwavsetlib\spiws_partition.h(45): warning C4251: 'Partition::miditrackname' : class 'std::basic_string<_Elem,_Traits,_Ax>' needs to have dll-interface to be used by clients of class 'Partition'
                 with
                 [
                     _Elem=char,
                     _Traits=std::char_traits<char>,
                     _Ax=std::allocator<char>
                 ]
     1>d:\spicode\audio_spi\spiwavsetlib\spiws_partition.h(46): warning C4251: 'Partition::partitionname' : class 'std::basic_string<_Elem,_Traits,_Ax>' needs to have dll-interface to be used by clients of class 'Partition'
                 with
                 [
                     _Elem=char,
                     _Traits=std::char_traits<char>,
                     _Ax=std::allocator<char>
                 ]
     1>d:\spicode\audio_spi\spiwavsetlib\spiws_partition.h(47): warning C4251: 'Partition::midieventsetvector' : class 'std::vector<_Ty>' needs to have dll-interface to be used by clients of class 'Partition'
                 with
                 [
                     _Ty=MidiEventSet *
                 ]
     1>d:\spicode\audio_spi\spiwavsetlib\spiws_partitionset.h(48): warning C4251: 'PartitionSet::partitionvector' : class 'std::vector<_Ty>' needs to have dll-interface to be used by clients of class 'PartitionSet'
                 with
                 [
                     _Ty=Partition *
                 ]
     1>d:\spicode\audio_spi\spiwavsetlib\spiws_partitionset.h(49): warning C4251: 'PartitionSet::tempmidieventvector' : class 'std::vector<_Ty>' needs to have dll-interface to be used by clients of class 'PartitionSet'
                 with
                 [
                     _Ty=MidiEvent *
                 ]
     1>spiws_partitionset.cpp(206): warning C4244: '=' : conversion from 'double' to 'float', possible loss of data
     1>spiws_partitionset.cpp(485): warning C4996: 'swprintf': swprintf has been changed to conform with the ISO C standard, adding an extra character count parameter. To use traditional Microsoft swprintf, set _CRT_NON_CONFORMING_SWPRINTFS.
                 D:\Program Files (x86)\Microsoft Visual Studio 10.0\VC\include\swprintf.inl(85) : see declaration of 'swprintf'
     1>spiws_partitionset.cpp(498): warning C4996: 'swprintf': swprintf has been changed to conform with the ISO C standard, adding an extra character count parameter. To use traditional Microsoft swprintf, set _CRT_NON_CONFORMING_SWPRINTFS.
                 D:\Program Files (x86)\Microsoft Visual Studio 10.0\VC\include\swprintf.inl(85) : see declaration of 'swprintf'
     1>spiws_partitionset.cpp(500): warning C4996: 'swprintf': swprintf has been changed to conform with the ISO C standard, adding an extra character count parameter. To use traditional Microsoft swprintf, set _CRT_NON_CONFORMING_SWPRINTFS.
                 D:\Program Files (x86)\Microsoft Visual Studio 10.0\VC\include\swprintf.inl(85) : see declaration of 'swprintf'
     1>spiws_partitionset.cpp(528): warning C4996: 'swprintf': swprintf has been changed to conform with the ISO C standard, adding an extra character count parameter. To use traditional Microsoft swprintf, set _CRT_NON_CONFORMING_SWPRINTFS.
                 D:\Program Files (x86)\Microsoft Visual Studio 10.0\VC\include\swprintf.inl(85) : see declaration of 'swprintf'
     1>spiws_partitionset.cpp(530): warning C4996: 'swprintf': swprintf has been changed to conform with the ISO C standard, adding an extra character count parameter. To use traditional Microsoft swprintf, set _CRT_NON_CONFORMING_SWPRINTFS.
                 D:\Program Files (x86)\Microsoft Visual Studio 10.0\VC\include\swprintf.inl(85) : see declaration of 'swprintf'
     1>spiws_partitionset.cpp(531): warning C4996: 'swprintf': swprintf has been changed to conform with the ISO C standard, adding an extra character count parameter. To use traditional Microsoft swprintf, set _CRT_NON_CONFORMING_SWPRINTFS.
                 D:\Program Files (x86)\Microsoft Visual Studio 10.0\VC\include\swprintf.inl(85) : see declaration of 'swprintf'
     1>spiws_partitionset.cpp(532): warning C4996: 'swprintf': swprintf has been changed to conform with the ISO C standard, adding an extra character count parameter. To use traditional Microsoft swprintf, set _CRT_NON_CONFORMING_SWPRINTFS.
                 D:\Program Files (x86)\Microsoft Visual Studio 10.0\VC\include\swprintf.inl(85) : see declaration of 'swprintf'
     1>spiws_partitionset.cpp(593): warning C4244: 'initializing' : conversion from 'int' to 'float', possible loss of data
     1>spiws_partitionset.cpp(619): warning C4244: 'argument' : conversion from 'float' to 'int', possible loss of data
     1>spiws_partitionset.cpp(633): warning C4244: 'argument' : conversion from 'float' to 'int', possible loss of data
     1>spiws_partitionset.cpp(654): warning C4244: 'argument' : conversion from 'float' to 'int', possible loss of data
     1>spiws_partitionset.cpp(668): warning C4244: 'argument' : conversion from 'float' to 'int', possible loss of data
         spiws_WavSet.cpp
     1>d:\spicode\audio_spi\spiwavsetlib\spiws_wavset.h(80): warning C4251: 'WavSet::wavsetname' : class 'std::basic_string<_Elem,_Traits,_Ax>' needs to have dll-interface to be used by clients of class 'WavSet'
                 with
                 [
                     _Elem=char,
                     _Traits=std::char_traits<char>,
                     _Ax=std::allocator<char>
                 ]
     1>d:\spicode\audio_spi\spiwavsetlib\spiws_instrument.h(62): warning C4251: 'Instrument::wavsetvector' : class 'std::vector<_Ty>' needs to have dll-interface to be used by clients of class 'Instrument'
                 with
                 [
                     _Ty=WavSet *
                 ]
     1>d:\spicode\audio_spi\spiwavsetlib\spiws_instrument.h(63): warning C4251: 'Instrument::instrumentname' : class 'std::basic_string<_Elem,_Traits,_Ax>' needs to have dll-interface to be used by clients of class 'Instrument'
                 with
                 [
                     _Elem=char,
                     _Traits=std::char_traits<char>,
                     _Ax=std::allocator<char>
                 ]
     1>d:\spicode\audio_spi\spiwavsetlib\spiws_instrumentset.h(38): warning C4251: 'InstrumentSet::instrumentvector' : class 'std::vector<_Ty>' needs to have dll-interface to be used by clients of class 'InstrumentSet'
                 with
                 [
                     _Ty=Instrument *
                 ]
     1>d:\spicode\audio_spi\spiwavsetlib\spiws_midieventset.h(40): warning C4251: 'MidiEventSet::midieventvector' : class 'std::vector<_Ty>' needs to have dll-interface to be used by clients of class 'MidiEventSet'
                 with
                 [
                     _Ty=MidiEvent *
                 ]
     1>d:\spicode\audio_spi\spiwavsetlib\spiws_partition.h(45): warning C4251: 'Partition::miditrackname' : class 'std::basic_string<_Elem,_Traits,_Ax>' needs to have dll-interface to be used by clients of class 'Partition'
                 with
                 [
                     _Elem=char,
                     _Traits=std::char_traits<char>,
                     _Ax=std::allocator<char>
                 ]
     1>d:\spicode\audio_spi\spiwavsetlib\spiws_partition.h(46): warning C4251: 'Partition::partitionname' : class 'std::basic_string<_Elem,_Traits,_Ax>' needs to have dll-interface to be used by clients of class 'Partition'
                 with
                 [
                     _Elem=char,
                     _Traits=std::char_traits<char>,
                     _Ax=std::allocator<char>
                 ]
     1>d:\spicode\audio_spi\spiwavsetlib\spiws_partition.h(47): warning C4251: 'Partition::midieventsetvector' : class 'std::vector<_Ty>' needs to have dll-interface to be used by clients of class 'Partition'
                 with
                 [
                     _Ty=MidiEventSet *
                 ]
     1>d:\spicode\audio_spi\spiwavsetlib\spiws_partitionset.h(48): warning C4251: 'PartitionSet::partitionvector' : class 'std::vector<_Ty>' needs to have dll-interface to be used by clients of class 'PartitionSet'
                 with
                 [
                     _Ty=Partition *
                 ]
     1>d:\spicode\audio_spi\spiwavsetlib\spiws_partitionset.h(49): warning C4251: 'PartitionSet::tempmidieventvector' : class 'std::vector<_Ty>' needs to have dll-interface to be used by clients of class 'PartitionSet'
                 with
                 [
                     _Ty=MidiEvent *
                 ]
     1>spiws_WavSet.cpp(184): warning C4996: 'swprintf': swprintf has been changed to conform with the ISO C standard, adding an extra character count parameter. To use traditional Microsoft swprintf, set _CRT_NON_CONFORMING_SWPRINTFS.
                 D:\Program Files (x86)\Microsoft Visual Studio 10.0\VC\include\swprintf.inl(85) : see declaration of 'swprintf'
     1>spiws_WavSet.cpp(203): warning C4996: 'swprintf': swprintf has been changed to conform with the ISO C standard, adding an extra character count parameter. To use traditional Microsoft swprintf, set _CRT_NON_CONFORMING_SWPRINTFS.
                 D:\Program Files (x86)\Microsoft Visual Studio 10.0\VC\include\swprintf.inl(85) : see declaration of 'swprintf'
     1>spiws_WavSet.cpp(214): warning C4244: 'initializing' : conversion from 'float' to 'int', possible loss of data
     1>spiws_WavSet.cpp(215): warning C4244: 'initializing' : conversion from 'float' to 'int', possible loss of data
     1>spiws_WavSet.cpp(246): warning C4996: 'swprintf': swprintf has been changed to conform with the ISO C standard, adding an extra character count parameter. To use traditional Microsoft swprintf, set _CRT_NON_CONFORMING_SWPRINTFS.
                 D:\Program Files (x86)\Microsoft Visual Studio 10.0\VC\include\swprintf.inl(85) : see declaration of 'swprintf'
     1>spiws_WavSet.cpp(261): warning C4244: 'initializing' : conversion from 'float' to 'int', possible loss of data
     1>spiws_WavSet.cpp(262): warning C4244: 'initializing' : conversion from 'float' to 'int', possible loss of data
     1>spiws_WavSet.cpp(263): warning C4244: 'initializing' : conversion from 'float' to 'int', possible loss of data
     1>spiws_WavSet.cpp(296): warning C4996: 'swprintf': swprintf has been changed to conform with the ISO C standard, adding an extra character count parameter. To use traditional Microsoft swprintf, set _CRT_NON_CONFORMING_SWPRINTFS.
                 D:\Program Files (x86)\Microsoft Visual Studio 10.0\VC\include\swprintf.inl(85) : see declaration of 'swprintf'
     1>spiws_WavSet.cpp(298): warning C4244: '=' : conversion from 'sf_count_t' to 'int', possible loss of data
     1>spiws_WavSet.cpp(320): warning C4996: 'swprintf': swprintf has been changed to conform with the ISO C standard, adding an extra character count parameter. To use traditional Microsoft swprintf, set _CRT_NON_CONFORMING_SWPRINTFS.
                 D:\Program Files (x86)\Microsoft Visual Studio 10.0\VC\include\swprintf.inl(85) : see declaration of 'swprintf'
     1>spiws_WavSet.cpp(337): warning C4996: 'swprintf': swprintf has been changed to conform with the ISO C standard, adding an extra character count parameter. To use traditional Microsoft swprintf, set _CRT_NON_CONFORMING_SWPRINTFS.
                 D:\Program Files (x86)\Microsoft Visual Studio 10.0\VC\include\swprintf.inl(85) : see declaration of 'swprintf'
     1>spiws_WavSet.cpp(459): warning C4244: '=' : conversion from 'float' to 'int', possible loss of data
     1>spiws_WavSet.cpp(483): warning C4244: '=' : conversion from 'float' to 'int', possible loss of data
     1>spiws_WavSet.cpp(492): warning C4244: '=' : conversion from 'double' to 'float', possible loss of data
     1>spiws_WavSet.cpp(501): warning C4244: '=' : conversion from 'double' to 'float', possible loss of data
     1>spiws_WavSet.cpp(502): warning C4244: '=' : conversion from 'double' to 'float', possible loss of data
     1>spiws_WavSet.cpp(522): warning C4244: '=' : conversion from 'float' to 'int', possible loss of data
     1>spiws_WavSet.cpp(533): warning C4244: 'initializing' : conversion from 'double' to 'float', possible loss of data
     1>spiws_WavSet.cpp(535): warning C4244: '=' : conversion from 'double' to 'float', possible loss of data
     1>spiws_WavSet.cpp(536): warning C4244: '=' : conversion from 'double' to 'float', possible loss of data
     1>spiws_WavSet.cpp(544): warning C4244: 'initializing' : conversion from 'double' to 'float', possible loss of data
     1>spiws_WavSet.cpp(545): warning C4244: '=' : conversion from 'double' to 'float', possible loss of data
     1>spiws_WavSet.cpp(546): warning C4244: '=' : conversion from 'double' to 'float', possible loss of data
     1>spiws_WavSet.cpp(548): warning C4244: '=' : conversion from 'double' to 'float', possible loss of data
     1>spiws_WavSet.cpp(549): warning C4244: '=' : conversion from 'double' to 'float', possible loss of data
     1>spiws_WavSet.cpp(550): warning C4244: '=' : conversion from 'double' to 'float', possible loss of data
     1>spiws_WavSet.cpp(570): warning C4244: '=' : conversion from 'float' to 'int', possible loss of data
     1>spiws_WavSet.cpp(579): warning C4244: 'initializing' : conversion from 'float' to 'int', possible loss of data
     1>spiws_WavSet.cpp(618): warning C4244: '=' : conversion from 'float' to 'int', possible loss of data
     1>spiws_WavSet.cpp(629): warning C4244: 'initializing' : conversion from 'float' to 'int', possible loss of data
     1>spiws_WavSet.cpp(806): warning C4244: 'initializing' : conversion from 'float' to 'int', possible loss of data
     1>spiws_WavSet.cpp(879): warning C4996: 'swprintf': swprintf has been changed to conform with the ISO C standard, adding an extra character count parameter. To use traditional Microsoft swprintf, set _CRT_NON_CONFORMING_SWPRINTFS.
                 D:\Program Files (x86)\Microsoft Visual Studio 10.0\VC\include\swprintf.inl(85) : see declaration of 'swprintf'
     1>spiws_WavSet.cpp(951): warning C4244: 'initializing' : conversion from 'float' to 'int', possible loss of data
     1>spiws_WavSet.cpp(952): warning C4244: 'initializing' : conversion from 'float' to 'int', possible loss of data
     1>spiws_WavSet.cpp(987): warning C4996: 'swprintf': swprintf has been changed to conform with the ISO C standard, adding an extra character count parameter. To use traditional Microsoft swprintf, set _CRT_NON_CONFORMING_SWPRINTFS.
                 D:\Program Files (x86)\Microsoft Visual Studio 10.0\VC\include\swprintf.inl(85) : see declaration of 'swprintf'
     1>spiws_WavSet.cpp(993): warning C4996: 'swprintf': swprintf has been changed to conform with the ISO C standard, adding an extra character count parameter. To use traditional Microsoft swprintf, set _CRT_NON_CONFORMING_SWPRINTFS.
                 D:\Program Files (x86)\Microsoft Visual Studio 10.0\VC\include\swprintf.inl(85) : see declaration of 'swprintf'
     1>spiws_WavSet.cpp(999): warning C4996: 'swprintf': swprintf has been changed to conform with the ISO C standard, adding an extra character count parameter. To use traditional Microsoft swprintf, set _CRT_NON_CONFORMING_SWPRINTFS.
                 D:\Program Files (x86)\Microsoft Visual Studio 10.0\VC\include\swprintf.inl(85) : see declaration of 'swprintf'
     1>spiws_WavSet.cpp(1022): warning C4996: 'swprintf': swprintf has been changed to conform with the ISO C standard, adding an extra character count parameter. To use traditional Microsoft swprintf, set _CRT_NON_CONFORMING_SWPRINTFS.
                 D:\Program Files (x86)\Microsoft Visual Studio 10.0\VC\include\swprintf.inl(85) : see declaration of 'swprintf'
     1>spiws_WavSet.cpp(1084): warning C4244: '=' : conversion from 'double' to 'int', possible loss of data
     1>spiws_WavSet.cpp(1101): warning C4996: 'swprintf': swprintf has been changed to conform with the ISO C standard, adding an extra character count parameter. To use traditional Microsoft swprintf, set _CRT_NON_CONFORMING_SWPRINTFS.
                 D:\Program Files (x86)\Microsoft Visual Studio 10.0\VC\include\swprintf.inl(85) : see declaration of 'swprintf'
     1>spiws_WavSet.cpp(1171): warning C4996: 'swprintf': swprintf has been changed to conform with the ISO C standard, adding an extra character count parameter. To use traditional Microsoft swprintf, set _CRT_NON_CONFORMING_SWPRINTFS.
                 D:\Program Files (x86)\Microsoft Visual Studio 10.0\VC\include\swprintf.inl(85) : see declaration of 'swprintf'
     1>spiws_WavSet.cpp(1198): warning C4244: 'return' : conversion from 'double' to 'float', possible loss of data
     1>spiws_WavSet.cpp(1205): warning C4244: 'return' : conversion from 'double' to 'float', possible loss of data
     1>spiws_WavSet.cpp(1220): warning C4244: '=' : conversion from 'sf_count_t' to 'int', possible loss of data
     1>spiws_WavSet.cpp(1270): warning C4996: 'swprintf': swprintf has been changed to conform with the ISO C standard, adding an extra character count parameter. To use traditional Microsoft swprintf, set _CRT_NON_CONFORMING_SWPRINTFS.
                 D:\Program Files (x86)\Microsoft Visual Studio 10.0\VC\include\swprintf.inl(85) : see declaration of 'swprintf'
     1>spiws_WavSet.cpp(1277): warning C4996: 'swprintf': swprintf has been changed to conform with the ISO C standard, adding an extra character count parameter. To use traditional Microsoft swprintf, set _CRT_NON_CONFORMING_SWPRINTFS.
                 D:\Program Files (x86)\Microsoft Visual Studio 10.0\VC\include\swprintf.inl(85) : see declaration of 'swprintf'
     1>spiws_WavSet.cpp(1283): warning C4996: 'swprintf': swprintf has been changed to conform with the ISO C standard, adding an extra character count parameter. To use traditional Microsoft swprintf, set _CRT_NON_CONFORMING_SWPRINTFS.
                 D:\Program Files (x86)\Microsoft Visual Studio 10.0\VC\include\swprintf.inl(85) : see declaration of 'swprintf'
     1>spiws_WavSet.cpp(1284): warning C4996: 'swprintf': swprintf has been changed to conform with the ISO C standard, adding an extra character count parameter. To use traditional Microsoft swprintf, set _CRT_NON_CONFORMING_SWPRINTFS.
                 D:\Program Files (x86)\Microsoft Visual Studio 10.0\VC\include\swprintf.inl(85) : see declaration of 'swprintf'
     1>spiws_WavSet.cpp(1294): warning C4101: 'charBuffer2' : unreferenced local variable
       Link:
         D:\Program Files (x86)\Microsoft Visual Studio 10.0\VC\bin\link.exe /ERRORREPORT:PROMPT /OUT:"D:\spicode\audio_spi\spiwavsetlib\Release\spiwavsetlib.dll" /INCREMENTAL:NO /NOLOGO "..\lib-src\portaudio\build\msvc\Win32\Release\portaudio_x86.lib" "..\lib-src\libsndfile\libsndfile-1.lib" kernel32.lib user32.lib gdi32.lib winspool.lib comdlg32.lib advapi32.lib shell32.lib ole32.lib oleaut32.lib uuid.lib odbc32.lib odbccp32.lib /MANIFEST /ManifestFile:"Release\spiwavsetlib.dll.intermediate.manifest" /MANIFESTUAC:"level='asInvoker' uiAccess='false'" /DEBUG /PDB:"D:\spicode\audio_spi\spiwavsetlib\Release\spiwavsetlib.pdb" /SUBSYSTEM:WINDOWS /OPT:REF /OPT:ICF /LTCG /TLBID:1 /DYNAMICBASE /NXCOMPAT /IMPLIB:"D:\spicode\audio_spi\spiwavsetlib\Release\spiwavsetlib.lib" /MACHINE:X86 /DLL Release\dllmain.obj
         Release\spiwavsetlib.obj
         Release\spiws_instrument.obj
         Release\spiws_instrumentset.obj
         Release\spiws_midievent.obj
         Release\spiws_midieventset.obj
         Release\spiws_midiutility.obj
         Release\spiws_partition.obj
         Release\spiws_partitionset.obj
         Release\spiws_WavSet.obj
         Release\stdafx.obj
            Creating library D:\spicode\audio_spi\spiwavsetlib\Release\spiwavsetlib.lib and object D:\spicode\audio_spi\spiwavsetlib\Release\spiwavsetlib.exp
         Generating code
         Finished generating code
         spiwavsetlib.vcxproj -> D:\spicode\audio_spi\spiwavsetlib\Release\spiwavsetlib.dll
       Manifest:
         C:\Program Files (x86)\Microsoft SDKs\Windows\v7.0A\bin\mt.exe /nologo /verbose /outputresource:"D:\spicode\audio_spi\spiwavsetlib\Release\spiwavsetlib.dll;#2" /manifest Release\spiwavsetlib.dll.intermediate.manifest
       FinalizeBuildStatus:
         Deleting file "Release\spiwavsetlib.unsuccessfulbuild".
         Touching "Release\spiwavsetlib.lastbuildstate".
     1>Done Building Project "D:\spicode\audio_spi\spiwavsetlib\spiwavsetlib.vcxproj" (rebuild target(s)).

Build succeeded.

Time Elapsed 00:00:06.74
